e:\carbonengine\engine\vsbuild\carbon.dir\debug\vc120.pdb
e:\carbonengine\engine\vsbuild\carbon.dir\debug\ralrendertarget.obj
e:\carbonengine\engine\vsbuild\carbon.dir\debug\ralpipelineboundstate.obj
e:\carbonengine\engine\vsbuild\carbon.dir\debug\ralinterface.obj
e:\carbonengine\engine\vsbuild\carbon.dir\debug\ralindexbuffer.obj
e:\carbonengine\engine\vsbuild\carbon.dir\debug\ralglobalmethods.obj
e:\carbonengine\engine\vsbuild\carbon.dir\debug\ralbuffer.obj
e:\carbonengine\engine\vsbuild\carbon.dir\debug\ral.obj
e:\carbonengine\engine\vsbuild\carbon.dir\debug\winnames.obj
e:\carbonengine\engine\vsbuild\carbon.dir\debug\winmain.obj
e:\carbonengine\engine\vsbuild\carbon.dir\debug\winlogcontext.obj
e:\carbonengine\engine\vsbuild\carbon.dir\debug\winfile.obj
e:\carbonengine\engine\vsbuild\carbon.dir\debug\matrix.obj
e:\carbonengine\engine\vsbuild\carbon.dir\debug\color.obj
e:\carbonengine\engine\vsbuild\carbon.dir\debug\logmanager.obj
e:\carbonengine\engine\vsbuild\carbon.dir\debug\log.obj
e:\carbonengine\engine\vsbuild\carbon.dir\debug\filelogcontext.obj
e:\carbonengine\engine\vsbuild\carbon.dir\debug\name.obj
e:\carbonengine\engine\vsbuild\carbon.dir\debug\globalparameters.obj
e:\carbonengine\engine\vsbuild\carbon.dir\debug\filearchive.obj
e:\carbonengine\engine\vsbuild\carbon.dir\debug\archive.obj
e:\carbonengine\engine\vsbuild\carbon.dir\debug\oglmethods.obj
e:\carbonengine\engine\vsbuild\carbon.dir\debug\oglinterface.obj
e:\carbonengine\engine\vsbuild\carbon.dir\debug\oglindexbuffer.obj
e:\carbonengine\engine\vsbuild\carbon.dir\debug\ogldefine.obj
e:\carbonengine\engine\vsbuild\carbon.dir\debug\d3d11view.obj
e:\carbonengine\engine\vsbuild\carbon.dir\debug\d3d11vertexlayout.obj
e:\carbonengine\engine\vsbuild\carbon.dir\debug\d3d11vertexbuffer.obj
e:\carbonengine\engine\vsbuild\carbon.dir\debug\d3d11shadercompiler.obj
e:\carbonengine\engine\vsbuild\carbon.dir\debug\d3d11shader.obj
e:\carbonengine\engine\vsbuild\carbon.dir\debug\d3d11rendertarget.obj
e:\carbonengine\engine\vsbuild\carbon.dir\debug\d3d11pipelineboundstate.obj
e:\carbonengine\engine\vsbuild\carbon.dir\debug\d3d11methods.obj
e:\carbonengine\engine\vsbuild\carbon.dir\debug\d3d11interface.obj
e:\carbonengine\engine\vsbuild\carbon.dir\debug\d3d11indexbuffer.obj
e:\carbonengine\engine\vsbuild\carbon.dir\debug\d3d11define.obj
e:\carbonengine\engine\vsbuild\carbon.dir\debug\ralviewport.obj
e:\carbonengine\engine\vsbuild\carbon.dir\debug\ralview.obj
e:\carbonengine\engine\vsbuild\carbon.dir\debug\ralvertexlayout.obj
e:\carbonengine\engine\vsbuild\carbon.dir\debug\ralvertexbuffer.obj
e:\carbonengine\engine\vsbuild\carbon.dir\debug\ralshader.obj
e:\carbonengine\engine\vsbuild\carbon.dir\debug\qrc_basewindow.obj
e:\carbonengine\engine\vsbuild\carbon.dir\debug\moc_basewindow.obj
e:\carbonengine\engine\vsbuild\carbon.dir\debug\basewindow.obj
e:\carbonengine\engine\vsbuild\carbon.dir\debug\shadermanager.obj
e:\carbonengine\engine\vsbuild\carbon.dir\debug\shader.obj
e:\carbonengine\engine\vsbuild\carbon.dir\debug\globalshaders.obj
e:\carbonengine\engine\vsbuild\carbon.dir\debug\globalshadercache.obj
e:\carbonengine\engine\vsbuild\carbon.dir\debug\flipviewshader.obj
e:\carbonengine\engine\vsbuild\carbon.dir\debug\windowsogl.obj
e:\carbonengine\engine\vsbuild\carbon.dir\debug\oglview.obj
e:\carbonengine\engine\vsbuild\carbon.dir\debug\oglvertexlayout.obj
e:\carbonengine\engine\vsbuild\carbon.dir\debug\oglvertexbuffer.obj
e:\carbonengine\engine\vsbuild\carbon.dir\debug\oglshadercompiler.obj
e:\carbonengine\engine\vsbuild\carbon.dir\debug\oglshader.obj
e:\carbonengine\engine\vsbuild\carbon.dir\debug\oglpipelineboundstate.obj
e:\carbonengine\engine\binary\debug\carbon.ilk
e:\carbonengine\engine\binary\debug\carbon.exe
e:\carbonengine\engine\binary\debug\carbon.pdb
e:\carbonengine\engine\vsbuild\carbon.dir\debug\carbon.tlog\cl.command.1.tlog
e:\carbonengine\engine\vsbuild\carbon.dir\debug\carbon.tlog\cl.read.1.tlog
e:\carbonengine\engine\vsbuild\carbon.dir\debug\carbon.tlog\cl.write.1.tlog
e:\carbonengine\engine\vsbuild\carbon.dir\debug\carbon.tlog\link.command.1.tlog
e:\carbonengine\engine\vsbuild\carbon.dir\debug\carbon.tlog\link.read.1.tlog
e:\carbonengine\engine\vsbuild\carbon.dir\debug\carbon.tlog\link.write.1.tlog
