Build started 1/17/2015 10:48:59 PM.
     1>Project "E:\CarbonEngine\Engine\VSBuild\Carbon.vcxproj" on node 2 (Build target(s)).
     1>ClCompile:
         C:\Program Files (x86)\Microsoft Visual Studio 12.0\VC\bin\x86_amd64\CL.exe /c /IE:\CarbonEngine\Engine\Source\Runtime\Common /IE:\CarbonEngine\Engine\Source\Runtime /IE:\CarbonEngine\Engine\Source /IE:\CarbonEngine\Engine\Source\UI\Base\GeneratedFiles /I"d:\Program Files (x86)\Microsoft DirectX SDK (June 2010)" /IC:\Qt\Qt5.3.2\5.3\msvc2013_64\include /IC:\Qt\Qt5.3.2\5.3\msvc2013_64\include\QtCore /IC:\Qt\Qt5.3.2\5.3\msvc2013_64\include\QtGui /IC:\Qt\Qt5.3.2\5.3\msvc2013_64\include\QtWidgets /Zi /nologo /W3 /WX- /Od /Ob0 /D WIN32 /D _WINDOWS /D _DEBUG /D CARBON_DEBUG_BUILD /D "CMAKE_INTDIR=\"Debug\"" /D _MBCS /Gm- /EHsc /RTC1 /MDd /GS /fp:precise /Zc:wchar_t /Zc:forScope /GR /Fo"Carbon.dir\Debug\\" /Fd"Carbon.dir\Debug\vc120.pdb" /Gd /TP /errorReport:prompt E:\CarbonEngine\Engine\Source\UI\Base\basewindow.cpp
         basewindow.cpp
       Link:
         C:\Program Files (x86)\Microsoft Visual Studio 12.0\VC\bin\x86_amd64\link.exe /ERRORREPORT:PROMPT /OUT:"E:\CarbonEngine\Engine\Binary\Debug\Carbon.exe" /INCREMENTAL /NOLOGO /LIBPATH:C:/Qt/Qt5.3.2/5.3/msvc2013_64/lib /LIBPATH:C:/Qt/Qt5.3.2/5.3/msvc2013_64/lib/Debug /LIBPATH:E:/CarbonEngine/Engine/Source/ThirdParty/Regal/Lib /LIBPATH:E:/CarbonEngine/Engine/Source/ThirdParty/Regal/Lib/Debug kernel32.lib user32.lib gdi32.lib winspool.lib shell32.lib ole32.lib oleaut32.lib uuid.lib comdlg32.lib advapi32.lib Qt5Cored.lib Qt5Widgetsd.lib Qt5Guid.lib d3dcompiler.lib d3dcompiler.lib d3d11.lib dxgi.lib regal32.lib /MANIFEST /MANIFESTUAC:"level='asInvoker' uiAccess='false'" /manifest:embed /DEBUG /PDB:"E:/CarbonEngine/Engine/Binary/Debug/Carbon.pdb" /SUBSYSTEM:WINDOWS /TLBID:1 /DYNAMICBASE /NXCOMPAT /IMPLIB:"E:/CarbonEngine/Engine/VSBuild/Debug/Carbon.lib" /MACHINE:X64  /machine:x64 /debug Carbon.dir\Debug\Archive.obj
         Carbon.dir\Debug\FileArchive.obj
         Carbon.dir\Debug\GlobalParameters.obj
         Carbon.dir\Debug\Name.obj
         Carbon.dir\Debug\FileLogContext.obj
         Carbon.dir\Debug\Log.obj
         Carbon.dir\Debug\LogManager.obj
         Carbon.dir\Debug\Color.obj
         Carbon.dir\Debug\Matrix.obj
         Carbon.dir\Debug\WinFile.obj
         Carbon.dir\Debug\WinLogContext.obj
         Carbon.dir\Debug\WinMain.obj
         Carbon.dir\Debug\WinNames.obj
         Carbon.dir\Debug\RAL.obj
         Carbon.dir\Debug\RALBuffer.obj
         Carbon.dir\Debug\RALGlobalMethods.obj
         Carbon.dir\Debug\RALIndexBuffer.obj
         Carbon.dir\Debug\RALInterface.obj
         Carbon.dir\Debug\RALPipelineBoundState.obj
         Carbon.dir\Debug\RALRenderTarget.obj
         Carbon.dir\Debug\RALShader.obj
         Carbon.dir\Debug\RALVertexBuffer.obj
         Carbon.dir\Debug\RALVertexLayout.obj
         Carbon.dir\Debug\RALView.obj
         Carbon.dir\Debug\RALViewport.obj
         Carbon.dir\Debug\D3D11Define.obj
         Carbon.dir\Debug\D3D11IndexBuffer.obj
         Carbon.dir\Debug\D3D11Interface.obj
         Carbon.dir\Debug\D3D11Methods.obj
         Carbon.dir\Debug\D3D11PipelineBoundState.obj
         Carbon.dir\Debug\D3D11RenderTarget.obj
         Carbon.dir\Debug\D3D11Shader.obj
         Carbon.dir\Debug\D3D11ShaderCompiler.obj
         Carbon.dir\Debug\D3D11VertexBuffer.obj
         Carbon.dir\Debug\D3D11VertexLayout.obj
         Carbon.dir\Debug\D3D11View.obj
         Carbon.dir\Debug\OGLDefine.obj
         Carbon.dir\Debug\OGLIndexBuffer.obj
         Carbon.dir\Debug\OGLInterface.obj
         Carbon.dir\Debug\OGLMethods.obj
         Carbon.dir\Debug\OGLPipelineBoundState.obj
         Carbon.dir\Debug\OGLShader.obj
         Carbon.dir\Debug\OGLShaderCompiler.obj
         Carbon.dir\Debug\OGLVertexBuffer.obj
         Carbon.dir\Debug\OGLVertexLayout.obj
         Carbon.dir\Debug\OGLView.obj
         Carbon.dir\Debug\WindowsOGL.obj
         Carbon.dir\Debug\FlipViewShader.obj
         Carbon.dir\Debug\GlobalShaderCache.obj
         Carbon.dir\Debug\GlobalShaders.obj
         Carbon.dir\Debug\Shader.obj
         Carbon.dir\Debug\ShaderManager.obj
         Carbon.dir\Debug\basewindow.obj
         Carbon.dir\Debug\moc_basewindow.obj
         Carbon.dir\Debug\qrc_basewindow.obj
         Carbon.vcxproj -> E:\CarbonEngine\Engine\Binary\Debug\Carbon.exe
     1>Done Building Project "E:\CarbonEngine\Engine\VSBuild\Carbon.vcxproj" (Build target(s)).

Build succeeded.

Time Elapsed 00:00:01.17
